[debug] [2026-03-05T18:27:32.553Z] ----------------------------------------------------------------------
[debug] [2026-03-05T18:27:32.559Z] Command:       C:\Program Files\nodejs\node.exe C:\Users\User\AppData\Roaming\npm\node_modules\firebase-tools\lib\bin\firebase.js init hosting
[debug] [2026-03-05T18:27:32.560Z] CLI Version:   15.8.0
[debug] [2026-03-05T18:27:32.560Z] Platform:      win32
[debug] [2026-03-05T18:27:32.560Z] Node Version:  v24.14.0
[debug] [2026-03-05T18:27:32.561Z] Time:          Thu Mar 05 2026 14:27:32 GMT-0400 (hora de Venezuela)
[debug] [2026-03-05T18:27:32.561Z] ----------------------------------------------------------------------
[debug] 
[info] 
     ######## #### ########  ######## ########     ###     ######  ########
     ##        ##  ##     ## ##       ##     ##  ##   ##  ##       ##
     ######    ##  ########  ######   ########  #########  ######  ######
     ##        ##  ##    ##  ##       ##     ## ##     ##       ## ##
     ##       #### ##     ## ######## ########  ##     ##  ######  ########

You're about to initialize a Firebase project in this directory:

  C:\Users\User\Desktop\mapa\mapaBare

[info] 
=== Project Setup
[info] 
[info] First, let's associate this project directory with a Firebase project.
[info] You can create multiple project aliases by running firebase use --add, 
[info] 
[debug] [2026-03-05T18:28:06.555Z] > command requires scopes: ["email","openid","https://www.googleapis.com/auth/cloudplatformprojects.readonly","https://www.googleapis.com/auth/firebase","https://www.googleapis.com/auth/cloud-platform"]
[debug] [2026-03-05T18:28:06.557Z] > authorizing via signed-in user (wscoptimizacion@gmail.com)
[debug] [2026-03-05T18:28:06.561Z] Checked if tokens are valid: true, expires at: 1772738831760
[debug] [2026-03-05T18:28:06.562Z] Checked if tokens are valid: true, expires at: 1772738831760
[debug] [2026-03-05T18:28:06.565Z] >>> [apiv2][query] GET https://firebase.googleapis.com/v1beta1/projects pageSize=100
[debug] [2026-03-05T18:28:07.600Z] <<< [apiv2][status] GET https://firebase.googleapis.com/v1beta1/projects 200
[debug] [2026-03-05T18:28:07.600Z] <<< [apiv2][body] GET https://firebase.googleapis.com/v1beta1/projects [omitted]
[info] 
=== Hosting Setup
[debug] [2026-03-05T18:28:09.798Z] Checked if tokens are valid: true, expires at: 1772738831760
[debug] [2026-03-05T18:28:09.798Z] Checked if tokens are valid: true, expires at: 1772738831760
[debug] [2026-03-05T18:28:09.798Z] >>> [apiv2][query] GET https://firebase.googleapis.com/v1beta1/projects/mapa-trillas-bare [none]
[debug] [2026-03-05T18:28:10.190Z] <<< [apiv2][status] GET https://firebase.googleapis.com/v1beta1/projects/mapa-trillas-bare 200
[debug] [2026-03-05T18:28:10.191Z] <<< [apiv2][body] GET https://firebase.googleapis.com/v1beta1/projects/mapa-trillas-bare {"projectId":"mapa-trillas-bare","projectNumber":"836434447060","displayName":"mapa-trillas-bare","name":"projects/mapa-trillas-bare","resources":{"hostingSite":"mapa-trillas-bare"},"state":"ACTIVE","etag":"1_b988c950-0d04-4e37-9c65-0902f6ebaf0b"}
[info] 
[info] Your public directory is the folder (relative to your project directory) that
[info] will contain Hosting assets to be uploaded with firebase deploy. If you
[info] have a build process for your assets, use your build's output directory.
[info] 
[info] 
[info] i  Detected a .git folder at C:\Users\User\Desktop\mapa\mapaBare 
[info] i  Authorizing with GitHub to upload your service account to a GitHub repository's secrets store. 
[info] 
[info] Visit this URL on this device to log in:
[info] https://github.com/login/oauth/authorize?client_id=89cf50f02ac6aaed3484&state=585996781&redirect_uri=http%3A%2F%2Flocalhost%3A9005&scope=read%3Auser%20repo%20public_repo
[info] 
[info] Waiting for authentication...
[debug] [2026-03-05T18:29:34.138Z] >>> [apiv2][query] POST https://github.com/login/oauth/access_token [none]
[debug] [2026-03-05T18:29:34.140Z] >>> [apiv2][body] POST https://github.com/login/oauth/access_token [stream]
[debug] [2026-03-05T18:29:34.900Z] <<< [apiv2][status] POST https://github.com/login/oauth/access_token 200
[debug] [2026-03-05T18:29:34.902Z] <<< [apiv2][body] POST https://github.com/login/oauth/access_token {"access_token":"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","token_type":"bearer","scope":"read:user,repo"}
[debug] [2026-03-05T18:29:35.018Z] >>> [apiv2][query] GET https://api.github.com/user [none]
[debug] [2026-03-05T18:29:35.723Z] <<< [apiv2][status] GET https://api.github.com/user 200
[debug] [2026-03-05T18:29:35.723Z] <<< [apiv2][body] GET https://api.github.com/user {"login":"JoseAbreuM","id":172221795,"node_id":"U_kgDOCkPlYw","avatar_url":"https://avatars.githubusercontent.com/u/172221795?v=4","gravatar_id":"","url":"https://api.github.com/users/JoseAbreuM","html_url":"https://github.com/JoseAbreuM","followers_url":"https://api.github.com/users/JoseAbreuM/followers","following_url":"https://api.github.com/users/JoseAbreuM/following{/other_user}","gists_url":"https://api.github.com/users/JoseAbreuM/gists{/gist_id}","starred_url":"https://api.github.com/users/JoseAbreuM/starred{/owner}{/repo}","subscriptions_url":"https://api.github.com/users/JoseAbreuM/subscriptions","organizations_url":"https://api.github.com/users/JoseAbreuM/orgs","repos_url":"https://api.github.com/users/JoseAbreuM/repos","events_url":"https://api.github.com/users/JoseAbreuM/events{/privacy}","received_events_url":"https://api.github.com/users/JoseAbreuM/received_events","type":"User","user_view_type":"private","site_admin":false,"name":null,"company":null,"blog":"","location":null,"email":null,"hireable":null,"bio":null,"twitter_username":null,"notification_email":null,"public_repos":2,"public_gists":0,"followers":0,"following":0,"created_at":"2024-06-09T22:55:38Z","updated_at":"2025-03-07T17:46:21Z","private_gists":0,"total_private_repos":3,"owned_private_repos":3,"disk_usage":69944,"collaborators":0,"two_factor_authentication":false,"plan":{"name":"free","space":976562499,"collaborators":0,"private_repos":10000}}
[info] 
[info] +  Success! Logged into GitHub as JoseAbreuM 
[info] 
[debug] [2026-03-05T18:29:49.052Z] >>> [apiv2][query] GET https://api.github.com/repos//actions/secrets/public-key type=owner
[debug] [2026-03-05T18:29:49.475Z] <<< [apiv2][status] GET https://api.github.com/repos//actions/secrets/public-key 404
[debug] [2026-03-05T18:29:49.475Z] <<< [apiv2][body] GET https://api.github.com/repos//actions/secrets/public-key {"message":"Not Found","documentation_url":"https://docs.github.com/rest","status":"404"}
[info] 
[info] 
[error] !  The provided authorization cannot be used with this repository. If this repository is in an organization, did you remember to grant access? 
[info] 
[info] i  Action required: Visit this URL to ensure access has been granted to the appropriate organization(s) for the Firebase CLI GitHub OAuth App: 
[info] https://github.com/settings/connections/applications/89cf50f02ac6aaed3484
[info] 
[debug] [2026-03-05T18:31:24.036Z] >>> [apiv2][query] GET https://api.github.com/repos//actions/secrets/public-key type=owner
[debug] [2026-03-05T18:31:24.857Z] <<< [apiv2][status] GET https://api.github.com/repos//actions/secrets/public-key 404
[debug] [2026-03-05T18:31:24.858Z] <<< [apiv2][body] GET https://api.github.com/repos//actions/secrets/public-key {"message":"Not Found","documentation_url":"https://docs.github.com/rest","status":"404"}
[info] 
[info] 
[error] !  The provided authorization cannot be used with this repository. If this repository is in an organization, did you remember to grant access? 
[info] 
[info] i  Action required: Visit this URL to ensure access has been granted to the appropriate organization(s) for the Firebase CLI GitHub OAuth App: 
[info] https://github.com/settings/connections/applications/89cf50f02ac6aaed3484
[info] 
[debug] [2026-03-05T18:31:28.729Z] >>> [apiv2][query] GET https://api.github.com/repos//actions/secrets/public-key type=owner
[debug] [2026-03-05T18:31:29.130Z] <<< [apiv2][status] GET https://api.github.com/repos//actions/secrets/public-key 404
[debug] [2026-03-05T18:31:29.130Z] <<< [apiv2][body] GET https://api.github.com/repos//actions/secrets/public-key {"message":"Not Found","documentation_url":"https://docs.github.com/rest","status":"404"}
[info] 
[info] 
[error] !  The provided authorization cannot be used with this repository. If this repository is in an organization, did you remember to grant access? 
[info] 
[info] i  Action required: Visit this URL to ensure access has been granted to the appropriate organization(s) for the Firebase CLI GitHub OAuth App: 
[info] https://github.com/settings/connections/applications/89cf50f02ac6aaed3484
[info] 
[debug] [2026-03-05T18:31:29.552Z] >>> [apiv2][query] GET https://api.github.com/repos//actions/secrets/public-key type=owner
[debug] [2026-03-05T18:31:30.149Z] <<< [apiv2][status] GET https://api.github.com/repos//actions/secrets/public-key 404
[debug] [2026-03-05T18:31:30.150Z] <<< [apiv2][body] GET https://api.github.com/repos//actions/secrets/public-key {"message":"Not Found","documentation_url":"https://docs.github.com/rest","status":"404"}
[info] 
[info] 
[error] !  The provided authorization cannot be used with this repository. If this repository is in an organization, did you remember to grant access? 
[info] 
[info] i  Action required: Visit this URL to ensure access has been granted to the appropriate organization(s) for the Firebase CLI GitHub OAuth App: 
[info] https://github.com/settings/connections/applications/89cf50f02ac6aaed3484
[info] 
[debug] [2026-03-05T18:31:34.508Z] >>> [apiv2][query] GET https://api.github.com/repos//actions/secrets/public-key type=owner
[debug] [2026-03-05T18:31:35.037Z] <<< [apiv2][status] GET https://api.github.com/repos//actions/secrets/public-key 404
[debug] [2026-03-05T18:31:35.037Z] <<< [apiv2][body] GET https://api.github.com/repos//actions/secrets/public-key {"message":"Not Found","documentation_url":"https://docs.github.com/rest","status":"404"}
[info] 
[info] 
[error] !  The provided authorization cannot be used with this repository. If this repository is in an organization, did you remember to grant access? 
[info] 
[info] i  Action required: Visit this URL to ensure access has been granted to the appropriate organization(s) for the Firebase CLI GitHub OAuth App: 
[info] https://github.com/settings/connections/applications/89cf50f02ac6aaed3484
[info] 
[debug] [2026-03-05T18:31:47.515Z] >>> [apiv2][query] GET https://api.github.com/repos/mapaBare/actions/secrets/public-key type=owner
[debug] [2026-03-05T18:31:47.969Z] <<< [apiv2][status] GET https://api.github.com/repos/mapaBare/actions/secrets/public-key 404
[debug] [2026-03-05T18:31:47.970Z] <<< [apiv2][body] GET https://api.github.com/repos/mapaBare/actions/secrets/public-key {"message":"Not Found","documentation_url":"https://docs.github.com/rest","status":"404"}
[info] 
[info] 
[error] !  The provided authorization cannot be used with this repository. If this repository is in an organization, did you remember to grant access? 
[info] 
[info] i  Action required: Visit this URL to ensure access has been granted to the appropriate organization(s) for the Firebase CLI GitHub OAuth App: 
[info] https://github.com/settings/connections/applications/89cf50f02ac6aaed3484
[info] 
[debug] [2026-03-05T18:32:08.884Z] ExitPromptError: User force closed the prompt with SIGINT
    at Interface.sigint (C:\Users\User\AppData\Roaming\npm\node_modules\firebase-tools\node_modules\@inquirer\core\dist\commonjs\lib\create-prompt.js:101:37)
    at Interface.emit (node:events:508:28)
    at [_ttyWrite] [as _ttyWrite] (node:internal/readline/interface:1327:18)
    at ReadStream.onkeypress (node:internal/readline/interface:284:20)
    at ReadStream.emit (node:events:520:35)
    at emitKeys (node:internal/readline/utils:371:14)
    at emitKeys.next (<anonymous>)
    at ReadStream.onData (node:internal/readline/emitKeypressEvents:64:36)
    at ReadStream.emit (node:events:508:28)
    at addChunk (node:internal/streams/readable:563:12)
[error] 
[error] Error: An unexpected error has occurred.
[debug] [2026-03-05T18:32:19.608Z] ----------------------------------------------------------------------
[debug] [2026-03-05T18:32:19.613Z] Command:       C:\Program Files\nodejs\node.exe C:\Users\User\AppData\Roaming\npm\node_modules\firebase-tools\lib\bin\firebase.js init hosting
[debug] [2026-03-05T18:32:19.614Z] CLI Version:   15.8.0
[debug] [2026-03-05T18:32:19.614Z] Platform:      win32
[debug] [2026-03-05T18:32:19.614Z] Node Version:  v24.14.0
[debug] [2026-03-05T18:32:19.614Z] Time:          Thu Mar 05 2026 14:32:19 GMT-0400 (hora de Venezuela)
[debug] [2026-03-05T18:32:19.614Z] ----------------------------------------------------------------------
[debug] 
[info] 
     ######## #### ########  ######## ########     ###     ######  ########
     ##        ##  ##     ## ##       ##     ##  ##   ##  ##       ##
     ######    ##  ########  ######   ########  #########  ######  ######
     ##        ##  ##    ##  ##       ##     ## ##     ##       ## ##
     ##       #### ##     ## ######## ########  ##     ##  ######  ########

You're about to initialize a Firebase project in this directory:

  C:\Users\User\Desktop\mapa\mapaBare

[info] 
=== Project Setup
[info] 
[info] First, let's associate this project directory with a Firebase project.
[info] You can create multiple project aliases by running firebase use --add, 
[info] 
[debug] [2026-03-05T18:32:28.270Z] > command requires scopes: ["email","openid","https://www.googleapis.com/auth/cloudplatformprojects.readonly","https://www.googleapis.com/auth/firebase","https://www.googleapis.com/auth/cloud-platform"]
[debug] [2026-03-05T18:32:28.271Z] > authorizing via signed-in user (wscoptimizacion@gmail.com)
[debug] [2026-03-05T18:32:28.272Z] Checked if tokens are valid: true, expires at: 1772738831760
[debug] [2026-03-05T18:32:28.273Z] Checked if tokens are valid: true, expires at: 1772738831760
[debug] [2026-03-05T18:32:28.275Z] >>> [apiv2][query] GET https://firebase.googleapis.com/v1beta1/projects/mapa-trillas-bare [none]
[debug] [2026-03-05T18:32:28.918Z] <<< [apiv2][status] GET https://firebase.googleapis.com/v1beta1/projects/mapa-trillas-bare 200
[debug] [2026-03-05T18:32:28.919Z] <<< [apiv2][body] GET https://firebase.googleapis.com/v1beta1/projects/mapa-trillas-bare {"projectId":"mapa-trillas-bare","projectNumber":"836434447060","displayName":"mapa-trillas-bare","name":"projects/mapa-trillas-bare","resources":{"hostingSite":"mapa-trillas-bare"},"state":"ACTIVE","etag":"1_b988c950-0d04-4e37-9c65-0902f6ebaf0b"}
[info] i  Using project mapa-trillas-bare (mapa-trillas-bare) . 
[info] 
=== Hosting Setup
[debug] [2026-03-05T18:32:28.950Z] Checked if tokens are valid: true, expires at: 1772738831760
[debug] [2026-03-05T18:32:28.950Z] Checked if tokens are valid: true, expires at: 1772738831760
[debug] [2026-03-05T18:32:28.951Z] >>> [apiv2][query] GET https://firebase.googleapis.com/v1beta1/projects/mapa-trillas-bare [none]
[debug] [2026-03-05T18:32:29.245Z] <<< [apiv2][status] GET https://firebase.googleapis.com/v1beta1/projects/mapa-trillas-bare 200
[debug] [2026-03-05T18:32:29.246Z] <<< [apiv2][body] GET https://firebase.googleapis.com/v1beta1/projects/mapa-trillas-bare {"projectId":"mapa-trillas-bare","projectNumber":"836434447060","displayName":"mapa-trillas-bare","name":"projects/mapa-trillas-bare","resources":{"hostingSite":"mapa-trillas-bare"},"state":"ACTIVE","etag":"1_b988c950-0d04-4e37-9c65-0902f6ebaf0b"}
[info] 
[info] Your public directory is the folder (relative to your project directory) that
[info] will contain Hosting assets to be uploaded with firebase deploy. If you
[info] have a build process for your assets, use your build's output directory.
[info] 
[info] 
[info] i  Detected a .git folder at C:\Users\User\Desktop\mapa\mapaBare 
[info] i  Authorizing with GitHub to upload your service account to a GitHub repository's secrets store. 
[info] 
[info] Visit this URL on this device to log in:
[info] https://github.com/login/oauth/authorize?client_id=89cf50f02ac6aaed3484&state=93567192&redirect_uri=http%3A%2F%2Flocalhost%3A9005&scope=read%3Auser%20repo%20public_repo
[info] 
[info] Waiting for authentication...
[debug] [2026-03-05T18:32:45.904Z] >>> [apiv2][query] POST https://github.com/login/oauth/access_token [none]
[debug] [2026-03-05T18:32:45.904Z] >>> [apiv2][body] POST https://github.com/login/oauth/access_token [stream]
[debug] [2026-03-05T18:32:46.568Z] <<< [apiv2][status] POST https://github.com/login/oauth/access_token 200
[debug] [2026-03-05T18:32:46.570Z] <<< [apiv2][body] POST https://github.com/login/oauth/access_token {"access_token":"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","token_type":"bearer","scope":"read:user,repo"}
[debug] [2026-03-05T18:32:46.726Z] >>> [apiv2][query] GET https://api.github.com/user [none]
[debug] [2026-03-05T18:32:47.346Z] <<< [apiv2][status] GET https://api.github.com/user 200
[debug] [2026-03-05T18:32:47.347Z] <<< [apiv2][body] GET https://api.github.com/user {"login":"JoseAbreuM","id":172221795,"node_id":"U_kgDOCkPlYw","avatar_url":"https://avatars.githubusercontent.com/u/172221795?v=4","gravatar_id":"","url":"https://api.github.com/users/JoseAbreuM","html_url":"https://github.com/JoseAbreuM","followers_url":"https://api.github.com/users/JoseAbreuM/followers","following_url":"https://api.github.com/users/JoseAbreuM/following{/other_user}","gists_url":"https://api.github.com/users/JoseAbreuM/gists{/gist_id}","starred_url":"https://api.github.com/users/JoseAbreuM/starred{/owner}{/repo}","subscriptions_url":"https://api.github.com/users/JoseAbreuM/subscriptions","organizations_url":"https://api.github.com/users/JoseAbreuM/orgs","repos_url":"https://api.github.com/users/JoseAbreuM/repos","events_url":"https://api.github.com/users/JoseAbreuM/events{/privacy}","received_events_url":"https://api.github.com/users/JoseAbreuM/received_events","type":"User","user_view_type":"private","site_admin":false,"name":null,"company":null,"blog":"","location":null,"email":null,"hireable":null,"bio":null,"twitter_username":null,"notification_email":null,"public_repos":3,"public_gists":0,"followers":0,"following":0,"created_at":"2024-06-09T22:55:38Z","updated_at":"2025-03-07T17:46:21Z","private_gists":0,"total_private_repos":2,"owned_private_repos":2,"disk_usage":69944,"collaborators":0,"two_factor_authentication":false,"plan":{"name":"free","space":976562499,"collaborators":0,"private_repos":10000}}
[info] 
[info] +  Success! Logged into GitHub as JoseAbreuM 
[info] 
[debug] [2026-03-05T18:32:53.291Z] >>> [apiv2][query] GET https://api.github.com/repos//actions/secrets/public-key type=owner
[debug] [2026-03-05T18:32:53.745Z] <<< [apiv2][status] GET https://api.github.com/repos//actions/secrets/public-key 404
[debug] [2026-03-05T18:32:53.745Z] <<< [apiv2][body] GET https://api.github.com/repos//actions/secrets/public-key {"message":"Not Found","documentation_url":"https://docs.github.com/rest","status":"404"}
[info] 
[info] 
[error] !  The provided authorization cannot be used with this repository. If this repository is in an organization, did you remember to grant access? 
[info] 
[info] i  Action required: Visit this URL to ensure access has been granted to the appropriate organization(s) for the Firebase CLI GitHub OAuth App: 
[info] https://github.com/settings/connections/applications/89cf50f02ac6aaed3484
[info] 
[debug] [2026-03-05T18:33:24.325Z] >>> [apiv2][query] GET https://api.github.com/repos/https://github.com/JoseAbreuM/mapaBare/actions/secrets/public-key type=owner
[debug] [2026-03-05T18:33:24.754Z] <<< [apiv2][status] GET https://api.github.com/repos/https://github.com/JoseAbreuM/mapaBare/actions/secrets/public-key 404
[debug] [2026-03-05T18:33:24.755Z] <<< [apiv2][body] GET https://api.github.com/repos/https://github.com/JoseAbreuM/mapaBare/actions/secrets/public-key {"message":"Not Found","documentation_url":"https://docs.github.com/rest","status":"404"}
[info] 
[info] 
[error] !  The provided authorization cannot be used with this repository. If this repository is in an organization, did you remember to grant access? 
[info] 
[info] i  Action required: Visit this URL to ensure access has been granted to the appropriate organization(s) for the Firebase CLI GitHub OAuth App: 
[info] https://github.com/settings/connections/applications/89cf50f02ac6aaed3484
[info] 
[debug] [2026-03-05T18:33:45.520Z] ExitPromptError: User force closed the prompt with SIGINT
    at Interface.sigint (C:\Users\User\AppData\Roaming\npm\node_modules\firebase-tools\node_modules\@inquirer\core\dist\commonjs\lib\create-prompt.js:101:37)
    at Interface.emit (node:events:508:28)
    at [_ttyWrite] [as _ttyWrite] (node:internal/readline/interface:1327:18)
    at ReadStream.onkeypress (node:internal/readline/interface:284:20)
    at ReadStream.emit (node:events:520:35)
    at emitKeys (node:internal/readline/utils:371:14)
    at emitKeys.next (<anonymous>)
    at ReadStream.onData (node:internal/readline/emitKeypressEvents:64:36)
    at ReadStream.emit (node:events:508:28)
    at addChunk (node:internal/streams/readable:563:12)
[error] 
[error] Error: An unexpected error has occurred.
